<?xml version="1.0" encoding="UTF-8"?>
<robot generator="Robot 4.1.3 (Python 3.10.2 on win32)" generated="20220316 01:11:56.936" rpa="false" schemaversion="2">
<suite id="s1" name="Robot" source="C:\Users\user\Robot">
<suite id="s1-s1" name="Testcases" source="C:\Users\user\Robot\testcases">
<suite id="s1-s1-s1" name="Kuvera" source="C:\Users\user\Robot\testcases\kuvera.robot">
<test id="s1-s1-s1-t1" name="To verify that the sort option offers low to high functionality">
<kw name="Given Given open kuvera and login" library="resources">
<kw name="Open Browser" library="SeleniumLibrary">
<arg>${kuvera URL}</arg>
<arg>${browser}</arg>
<doc>Opens a new browser instance to the optional ``url``.</doc>
<msg timestamp="20220316 01:11:58.067" level="INFO">Opening browser 'chrome' to base url 'https://kuvera.in/'.</msg>
<status status="PASS" starttime="20220316 01:11:58.066" endtime="20220316 01:12:02.961"/>
</kw>
<kw name="Sleep" library="BuiltIn">
<arg>2s</arg>
<doc>Pauses the test executed for the given time.</doc>
<msg timestamp="20220316 01:12:04.968" level="INFO">Slept 2 seconds</msg>
<status status="PASS" starttime="20220316 01:12:02.962" endtime="20220316 01:12:04.968"/>
</kw>
<kw name="Maximize Browser Window" library="SeleniumLibrary">
<doc>Maximizes current browser window.</doc>
<msg timestamp="20220316 01:12:04.991" level="WARN">Keyword 'Capture Page Screenshot' could not be run on failure: Message: no such window: target window already closed
from unknown error: web view not found
  (Session info: chrome=99.0.4844.51)
Stacktrace:
Backtrace:
	Ordinal0 [0x009F69A3+2582947]
	Ordinal0 [0x0098A6D1+2139857]
	Ordinal0 [0x00883A98+1063576]
	Ordinal0 [0x0086C440+967744]
	Ordinal0 [0x008CAD09+1355017]
	Ordinal0 [0x008D7AD2+1407698]
	Ordinal0 [0x008C8366+1344358]
	Ordinal0 [0x008A5176+1200502]
	Ordinal0 [0x008A6066+1204326]
	GetHandleVerifier [0x00B9BE02+1675858]
	GetHandleVerifier [0x00C5036C+2414524]
	GetHandleVerifier [0x00A8BB01+560977]
	GetHandleVerifier [0x00A8A8D3+556323]
	Ordinal0 [0x0099020E+2163214]
	Ordinal0 [0x00995078+2183288]
	Ordinal0 [0x009951C0+2183616]
	Ordinal0 [0x0099EE1C+2223644]
	BaseThreadInitThunk [0x76CDFA29+25]
	RtlGetAppContainerNamedObjectPath [0x77A17A9E+286]
	RtlGetAppContainerNamedObjectPath [0x77A17A6E+238]
</msg>
<msg timestamp="20220316 01:12:05.021" level="FAIL">NoSuchWindowException: Message: no such window: target window already closed
from unknown error: web view not found
  (Session info: chrome=99.0.4844.51)
Stacktrace:
Backtrace:
	Ordinal0 [0x009F69A3+2582947]
	Ordinal0 [0x0098A6D1+2139857]
	Ordinal0 [0x00883A98+1063576]
	Ordinal0 [0x0086C440+967744]
	Ordinal0 [0x008CAD09+1355017]
	Ordinal0 [0x008D7AD2+1407698]
	Ordinal0 [0x008C8366+1344358]
	Ordinal0 [0x008A5176+1200502]
	Ordinal0 [0x008A6066+1204326]
	GetHandleVerifier [0x00B9BE02+1675858]
	GetHandleVerifier [0x00C5036C+2414524]
	GetHandleVerifier [0x00A8BB01+560977]
	GetHandleVerifier [0x00A8A8D3+556323]
	Ordinal0 [0x0099020E+2163214]
	Ordinal0 [0x00995078+2183288]
	Ordinal0 [0x009951C0+2183616]
	Ordinal0 [0x0099EE1C+2223644]
	BaseThreadInitThunk [0x76CDFA29+25]
	RtlGetAppContainerNamedObjectPath [0x77A17A9E+286]
	RtlGetAppContainerNamedObjectPath [0x77A17A6E+238]
</msg>
<status status="FAIL" starttime="20220316 01:12:04.968" endtime="20220316 01:12:05.021"/>
</kw>
<kw name="Click Element" library="SeleniumLibrary">
<arg>${close}</arg>
<doc>Click the element identified by ``locator``.</doc>
<status status="NOT RUN" starttime="20220316 01:12:05.022" endtime="20220316 01:12:05.022"/>
</kw>
<kw name="Sleep" library="BuiltIn">
<arg>2s</arg>
<doc>Pauses the test executed for the given time.</doc>
<status status="NOT RUN" starttime="20220316 01:12:05.022" endtime="20220316 01:12:05.022"/>
</kw>
<kw name="Click Element" library="SeleniumLibrary">
<arg>${Login}</arg>
<doc>Click the element identified by ``locator``.</doc>
<status status="NOT RUN" starttime="20220316 01:12:05.022" endtime="20220316 01:12:05.022"/>
</kw>
<kw name="Sleep" library="BuiltIn">
<arg>5s</arg>
<doc>Pauses the test executed for the given time.</doc>
<status status="NOT RUN" starttime="20220316 01:12:05.023" endtime="20220316 01:12:05.023"/>
</kw>
<kw name="Input Text" library="SeleniumLibrary">
<arg>${email}</arg>
<arg>${email value}</arg>
<doc>Types the given ``text`` into the text field identified by ``locator``.</doc>
<status status="NOT RUN" starttime="20220316 01:12:05.023" endtime="20220316 01:12:05.023"/>
</kw>
<kw name="Input Text" library="SeleniumLibrary">
<arg>${password}</arg>
<arg>${pass value}</arg>
<doc>Types the given ``text`` into the text field identified by ``locator``.</doc>
<status status="NOT RUN" starttime="20220316 01:12:05.023" endtime="20220316 01:12:05.023"/>
</kw>
<kw name="Sleep" library="BuiltIn">
<arg>5s</arg>
<doc>Pauses the test executed for the given time.</doc>
<status status="NOT RUN" starttime="20220316 01:12:05.023" endtime="20220316 01:12:05.023"/>
</kw>
<kw name="Click Button" library="SeleniumLibrary">
<arg>${button}</arg>
<doc>Clicks the button identified by ``locator``.</doc>
<status status="NOT RUN" starttime="20220316 01:12:05.024" endtime="20220316 01:12:05.024"/>
</kw>
<kw name="Sleep" library="BuiltIn">
<arg>10s</arg>
<doc>Pauses the test executed for the given time.</doc>
<status status="NOT RUN" starttime="20220316 01:12:05.024" endtime="20220316 01:12:05.024"/>
</kw>
<kw name="Click Element" library="SeleniumLibrary">
<arg>${stocks}</arg>
<doc>Click the element identified by ``locator``.</doc>
<status status="NOT RUN" starttime="20220316 01:12:05.024" endtime="20220316 01:12:05.024"/>
</kw>
<status status="FAIL" starttime="20220316 01:11:58.065" endtime="20220316 01:12:05.025"/>
</kw>
<kw name="When click on stocks and sort" library="resources">
<status status="NOT RUN" starttime="20220316 01:12:05.026" endtime="20220316 01:12:05.026"/>
</kw>
<kw name="Close Browser" library="SeleniumLibrary">
<doc>Closes the current browser.</doc>
<status status="NOT RUN" starttime="20220316 01:12:05.029" endtime="20220316 01:12:05.030"/>
</kw>
<tag>TC_5</tag>
<status status="FAIL" starttime="20220316 01:11:58.056" endtime="20220316 01:12:05.031">NoSuchWindowException: Message: no such window: target window already closed
from unknown error: web view not found
  (Session info: chrome=99.0.4844.51)
Stacktrace:
Backtrace:
	Ordinal0 [0x009F69A3+2582947]
	Ordinal0 [0x0098A6D1+2139857]
	Ordinal0 [0x00883A98+1063576]
	Ordinal0 [0x0086C440+967744]
	Ordinal0 [0x008CAD09+1355017]
	Ordinal0 [0x008D7AD2+1407698]
	Ordinal0 [0x008C8366+1344358]
	Ordinal0 [0x008A5176+1200502]
	Ordinal0 [0x008A6066+1204326]
	GetHandleVerifier [0x00B9BE02+1675858]
	GetHandleVerifier [0x00C5036C+2414524]
	GetHandleVerifier [0x00A8BB01+560977]
	GetHandleVerifier [0x00A8A8D3+556323]
	Ordinal0 [0x0099020E+2163214]
	Ordinal0 [0x00995078+2183288]
	Ordinal0 [0x009951C0+2183616]
	Ordinal0 [0x0099EE1C+2223644]
	BaseThreadInitThunk [0x76CDFA29+25]
	RtlGetAppContainerNamedObjectPath [0x77A17A9E+286]
	RtlGetAppContainerNamedObjectPath [0x77A17A6E+238]
</status>
</test>
<status status="FAIL" starttime="20220316 01:11:57.060" endtime="20220316 01:12:05.111"/>
</suite>
<status status="FAIL" starttime="20220316 01:11:57.044" endtime="20220316 01:12:05.479"/>
</suite>
<status status="FAIL" starttime="20220316 01:11:56.942" endtime="20220316 01:12:05.560"/>
</suite>
<statistics>
<total>
<stat pass="0" fail="1" skip="0">All Tests</stat>
</total>
<tag>
<stat pass="0" fail="1" skip="0">TC_5</stat>
</tag>
<suite>
<stat pass="0" fail="1" skip="0" id="s1" name="Robot">Robot</stat>
<stat pass="0" fail="1" skip="0" id="s1-s1" name="Testcases">Robot.Testcases</stat>
<stat pass="0" fail="1" skip="0" id="s1-s1-s1" name="Kuvera">Robot.Testcases.Kuvera</stat>
</suite>
</statistics>
<errors>
<msg timestamp="20220316 01:12:04.991" level="WARN">Keyword 'Capture Page Screenshot' could not be run on failure: Message: no such window: target window already closed
from unknown error: web view not found
  (Session info: chrome=99.0.4844.51)
Stacktrace:
Backtrace:
	Ordinal0 [0x009F69A3+2582947]
	Ordinal0 [0x0098A6D1+2139857]
	Ordinal0 [0x00883A98+1063576]
	Ordinal0 [0x0086C440+967744]
	Ordinal0 [0x008CAD09+1355017]
	Ordinal0 [0x008D7AD2+1407698]
	Ordinal0 [0x008C8366+1344358]
	Ordinal0 [0x008A5176+1200502]
	Ordinal0 [0x008A6066+1204326]
	GetHandleVerifier [0x00B9BE02+1675858]
	GetHandleVerifier [0x00C5036C+2414524]
	GetHandleVerifier [0x00A8BB01+560977]
	GetHandleVerifier [0x00A8A8D3+556323]
	Ordinal0 [0x0099020E+2163214]
	Ordinal0 [0x00995078+2183288]
	Ordinal0 [0x009951C0+2183616]
	Ordinal0 [0x0099EE1C+2223644]
	BaseThreadInitThunk [0x76CDFA29+25]
	RtlGetAppContainerNamedObjectPath [0x77A17A9E+286]
	RtlGetAppContainerNamedObjectPath [0x77A17A6E+238]
</msg>
</errors>
</robot>
